<?xml version="1.0" encoding="UTF-8"?>
<testsuite xmlns:xsi="http://www.w3.org/2001/XMLSchema-instance" xsi:noNamespaceSchemaLocation="https://maven.apache.org/surefire/maven-surefire-plugin/xsd/surefire-test-report-3.0.xsd" version="3.0" name="br.com.sysacademia.SistemaAcademiaTest" time="13.388" tests="9" errors="0" skipped="0" failures="0">
  <properties>
[...]
</properties>
  <testcase name="testCriarEListarAvaliacaoFisica" classname="br.com.sysacademia.SistemaAcademiaTest" time="1.361">
    <system-out><![CDATA[16:17:34.503 [main] INFO org.springframework.test.context.support.AnnotationConfigContextLoaderUtils -- Could not detect default configuration classes for test class [br.com.sysacademia.SistemaAcademiaTest]: SistemaAcademiaTest does not declare any static, non-private, non-final, nested classes annotated with @Configuration.
16:17:34.767 [main] INFO org.springframework.boot.test.context.SpringBootTestContextBootstrapper -- Found @SpringBootConfiguration br.com.sysacademia.AcademiaApplication for test class br.com.sysacademia.SistemaAcademiaTest
  .   ____          _            __ _ _
 /\\ / ___'_ __ _ _(_)_ __  __ _ \ \ \ \
( ( )\___ | '_ | '_| | '_ \/ _` | \ \ \ \
 \\/  ___)| |_)| | | | | || (_| |  ) ) ) )
  '  |____| .__|_| |_|_| |_\__, | / / / /
 =========|_|==============|___/=/_/_/_/

 :: Spring Boot ::                (v3.3.0)

2025-08-24T16:17:35.901-03:00  INFO 558336 --- [           main] br.com.sysacademia.SistemaAcademiaTest   : Starting SistemaAcademiaTest using Java 17.0.12 with PID 558336 (started by 14val in D:\Vs Code\Projeto POO - Academia\SistemaAcademia)
2025-08-24T16:17:35.903-03:00  INFO 558336 --- [           main] br.com.sysacademia.SistemaAcademiaTest   : No active profile set, falling back to 1 default profile: "default"
2025-08-24T16:17:37.129-03:00  INFO 558336 --- [           main] .s.d.r.c.RepositoryConfigurationDelegate : Bootstrapping Spring Data JPA repositories in DEFAULT mode.
2025-08-24T16:17:37.252-03:00  INFO 558336 --- [           main] .s.d.r.c.RepositoryConfigurationDelegate : Finished Spring Data repository scanning in 112 ms. Found 6 JPA repository interfaces.
2025-08-24T16:17:37.898-03:00  INFO 558336 --- [           main] o.hibernate.jpa.internal.util.LogHelper  : HHH000204: Processing PersistenceUnitInfo [name: default]
2025-08-24T16:17:38.038-03:00  INFO 558336 --- [           main] org.hibernate.Version                    : HHH000412: Hibernate ORM core version 6.5.2.Final
2025-08-24T16:17:38.106-03:00  INFO 558336 --- [           main] o.h.c.internal.RegionFactoryInitiator    : HHH000026: Second-level cache disabled
2025-08-24T16:17:38.809-03:00  INFO 558336 --- [           main] o.s.o.j.p.SpringPersistenceUnitInfo      : No LoadTimeWeaver setup: ignoring JPA class transformer
2025-08-24T16:17:38.921-03:00  INFO 558336 --- [           main] com.zaxxer.hikari.HikariDataSource       : HikariPool-1 - Starting...
2025-08-24T16:17:39.577-03:00  INFO 558336 --- [           main] com.zaxxer.hikari.pool.HikariPool        : HikariPool-1 - Added connection org.postgresql.jdbc.PgConnection@71e2c6d8
2025-08-24T16:17:39.579-03:00  INFO 558336 --- [           main] com.zaxxer.hikari.HikariDataSource       : HikariPool-1 - Start completed.
2025-08-24T16:17:39.678-03:00  WARN 558336 --- [           main] org.hibernate.orm.deprecation            : HHH90000025: PostgreSQLDialect does not need to be specified explicitly using 'hibernate.dialect' (remove the property setting and it will be selected by default)
2025-08-24T16:17:41.202-03:00  INFO 558336 --- [           main] o.h.m.i.EntityInstantiatorPojoStandard   : HHH000182: No default (no-argument) constructor for class: br.com.sysacademia.model.Treino (class must be instantiated by Interceptor)
2025-08-24T16:17:41.679-03:00  INFO 558336 --- [           main] o.h.e.t.j.p.i.JtaPlatformInitiator       : HHH000489: No JTA platform available (set 'hibernate.transaction.jta.platform' to enable JTA platform integration)
2025-08-24T16:17:41.912-03:00  INFO 558336 --- [           main] j.LocalContainerEntityManagerFactoryBean : Initialized JPA EntityManagerFactory for persistence unit 'default'
2025-08-24T16:17:42.915-03:00  WARN 558336 --- [           main] JpaBaseConfiguration$JpaWebConfiguration : spring.jpa.open-in-view is enabled by default. Therefore, database queries may be performed during view rendering. Explicitly configure spring.jpa.open-in-view to disable this warning
2025-08-24T16:17:45.565-03:00  INFO 558336 --- [           main] br.com.sysacademia.SistemaAcademiaTest   : Started SistemaAcademiaTest in 10.329 seconds (process running for 12.376)
Hibernate: select a1_0.id,a1_0.cpf,a1_0.email,a1_0.instrutor_id,a1_0.matricula,a1_0.nome,a1_0.plano_id,a1_0.senha from alunos a1_0
Hibernate: select p1_0.id,p1_0.duracao_meses,p1_0.nome_plano,p1_0.valor from plano p1_0 where p1_0.id=?
Hibernate: select a1_0.aluno_id,a1_0.id,a1_0.altura,a1_0.data,a1_0.imc,a1_0.percentual_gordura,a1_0.peso from avaliacoes_fisicas a1_0 where a1_0.aluno_id=?
Hibernate: select t1_0.aluno_id,t1_0.id,t1_0.descricao_treino,t1_0.duracao_minutos,t1_0.nivel_dificuldade from treinos t1_0 where t1_0.aluno_id=?
Hibernate: select p1_0.id,p1_0.duracao_meses,p1_0.nome_plano,p1_0.valor from plano p1_0
Hibernate: select i1_0.id,i1_0.email,i1_0.especialidade,i1_0.nome,i1_0.senha from instrutores i1_0
Hibernate: delete from alunos where id=?
Hibernate: delete from plano where id=?
Hibernate: select af1_0.id,af1_0.altura,af1_0.aluno_id,af1_0.data,af1_0.imc,af1_0.percentual_gordura,af1_0.peso from avaliacoes_fisicas af1_0
Hibernate: select e1_0.id,e1_0.nome from exercicios e1_0
Hibernate: select t1_0.id,t1_0.aluno_id,t1_0.descricao_treino,t1_0.duracao_minutos,t1_0.nivel_dificuldade from treinos t1_0
Salvando aluno: Pedro
Hibernate: insert into alunos (cpf,email,instrutor_id,matricula,nome,plano_id,senha) values (?,?,?,?,?,?,?) returning id
Hibernate: insert into avaliacoes_fisicas (altura,aluno_id,data,imc,percentual_gordura,peso) values (?,?,?,?,?,?) returning id
]]></system-out>
  </testcase>
  <testcase name="testAdicionarExercicioAOTreino" classname="br.com.sysacademia.SistemaAcademiaTest" time="0.034">
    <system-out><![CDATA[Hibernate: select a1_0.id,a1_0.cpf,a1_0.email,a1_0.instrutor_id,a1_0.matricula,a1_0.nome,a1_0.plano_id,a1_0.senha from alunos a1_0
Hibernate: select p1_0.id,p1_0.duracao_meses,p1_0.nome_plano,p1_0.valor from plano p1_0 where p1_0.id=?
Hibernate: select a1_0.aluno_id,a1_0.id,a1_0.altura,a1_0.data,a1_0.imc,a1_0.percentual_gordura,a1_0.peso from avaliacoes_fisicas a1_0 where a1_0.aluno_id=?
Hibernate: select t1_0.aluno_id,t1_0.id,t1_0.descricao_treino,t1_0.duracao_minutos,t1_0.nivel_dificuldade from treinos t1_0 where t1_0.aluno_id=?
Hibernate: select p1_0.id,p1_0.duracao_meses,p1_0.nome_plano,p1_0.valor from plano p1_0
Hibernate: select i1_0.id,i1_0.email,i1_0.especialidade,i1_0.nome,i1_0.senha from instrutores i1_0
Hibernate: delete from alunos where id=?
Hibernate: delete from plano where id=?
Hibernate: select af1_0.id,af1_0.altura,af1_0.aluno_id,af1_0.data,af1_0.imc,af1_0.percentual_gordura,af1_0.peso from avaliacoes_fisicas af1_0
Hibernate: select e1_0.id,e1_0.nome from exercicios e1_0
Hibernate: select t1_0.id,t1_0.aluno_id,t1_0.descricao_treino,t1_0.duracao_minutos,t1_0.nivel_dificuldade from treinos t1_0
Hibernate: insert into treinos (aluno_id,descricao_treino,duracao_minutos,nivel_dificuldade) values (?,?,?,?) returning id
Hibernate: insert into exercicios (nome) values (?) returning id
]]></system-out>
  </testcase>
  <testcase name="testSalvarEPesquisarPlano" classname="br.com.sysacademia.SistemaAcademiaTest" time="0.056">
    <system-out><![CDATA[Hibernate: select a1_0.id,a1_0.cpf,a1_0.email,a1_0.instrutor_id,a1_0.matricula,a1_0.nome,a1_0.plano_id,a1_0.senha from alunos a1_0
Hibernate: select p1_0.id,p1_0.duracao_meses,p1_0.nome_plano,p1_0.valor from plano p1_0 where p1_0.id=?
Hibernate: select a1_0.aluno_id,a1_0.id,a1_0.altura,a1_0.data,a1_0.imc,a1_0.percentual_gordura,a1_0.peso from avaliacoes_fisicas a1_0 where a1_0.aluno_id=?
Hibernate: select t1_0.aluno_id,t1_0.id,t1_0.descricao_treino,t1_0.duracao_minutos,t1_0.nivel_dificuldade from treinos t1_0 where t1_0.aluno_id=?
Hibernate: select p1_0.id,p1_0.duracao_meses,p1_0.nome_plano,p1_0.valor from plano p1_0
Hibernate: select i1_0.id,i1_0.email,i1_0.especialidade,i1_0.nome,i1_0.senha from instrutores i1_0
Hibernate: delete from alunos where id=?
Hibernate: delete from plano where id=?
Hibernate: select af1_0.id,af1_0.altura,af1_0.aluno_id,af1_0.data,af1_0.imc,af1_0.percentual_gordura,af1_0.peso from avaliacoes_fisicas af1_0
Hibernate: select e1_0.id,e1_0.nome from exercicios e1_0
Hibernate: select t1_0.id,t1_0.aluno_id,t1_0.descricao_treino,t1_0.duracao_minutos,t1_0.nivel_dificuldade from treinos t1_0
Hibernate: insert into plano (duracao_meses,nome_plano,valor) values (?,?,?) returning id
]]></system-out>
  </testcase>
  <testcase name="testCriarEListarExercicio" classname="br.com.sysacademia.SistemaAcademiaTest" time="0.07">
    <system-out><![CDATA[Hibernate: select a1_0.id,a1_0.cpf,a1_0.email,a1_0.instrutor_id,a1_0.matricula,a1_0.nome,a1_0.plano_id,a1_0.senha from alunos a1_0
Hibernate: select p1_0.id,p1_0.duracao_meses,p1_0.nome_plano,p1_0.valor from plano p1_0 where p1_0.id=?
Hibernate: select a1_0.aluno_id,a1_0.id,a1_0.altura,a1_0.data,a1_0.imc,a1_0.percentual_gordura,a1_0.peso from avaliacoes_fisicas a1_0 where a1_0.aluno_id=?
Hibernate: select t1_0.aluno_id,t1_0.id,t1_0.descricao_treino,t1_0.duracao_minutos,t1_0.nivel_dificuldade from treinos t1_0 where t1_0.aluno_id=?
Hibernate: select p1_0.id,p1_0.duracao_meses,p1_0.nome_plano,p1_0.valor from plano p1_0
Hibernate: select i1_0.id,i1_0.email,i1_0.especialidade,i1_0.nome,i1_0.senha from instrutores i1_0
Hibernate: delete from alunos where id=?
Hibernate: delete from plano where id=?
Hibernate: select af1_0.id,af1_0.altura,af1_0.aluno_id,af1_0.data,af1_0.imc,af1_0.percentual_gordura,af1_0.peso from avaliacoes_fisicas af1_0
Hibernate: select e1_0.id,e1_0.nome from exercicios e1_0
Hibernate: select t1_0.id,t1_0.aluno_id,t1_0.descricao_treino,t1_0.duracao_minutos,t1_0.nivel_dificuldade from treinos t1_0
Hibernate: insert into exercicios (nome) values (?) returning id
Hibernate: select e1_0.id,e1_0.nome from exercicios e1_0
]]></system-out>
  </testcase>
  <testcase name="testCriacaoESalvarAluno" classname="br.com.sysacademia.SistemaAcademiaTest" time="0.051">
    <system-out><![CDATA[Hibernate: select a1_0.id,a1_0.cpf,a1_0.email,a1_0.instrutor_id,a1_0.matricula,a1_0.nome,a1_0.plano_id,a1_0.senha from alunos a1_0
Hibernate: select p1_0.id,p1_0.duracao_meses,p1_0.nome_plano,p1_0.valor from plano p1_0 where p1_0.id=?
Hibernate: select a1_0.aluno_id,a1_0.id,a1_0.altura,a1_0.data,a1_0.imc,a1_0.percentual_gordura,a1_0.peso from avaliacoes_fisicas a1_0 where a1_0.aluno_id=?
Hibernate: select t1_0.aluno_id,t1_0.id,t1_0.descricao_treino,t1_0.duracao_minutos,t1_0.nivel_dificuldade from treinos t1_0 where t1_0.aluno_id=?
Hibernate: select p1_0.id,p1_0.duracao_meses,p1_0.nome_plano,p1_0.valor from plano p1_0
Hibernate: select i1_0.id,i1_0.email,i1_0.especialidade,i1_0.nome,i1_0.senha from instrutores i1_0
Hibernate: delete from alunos where id=?
Hibernate: delete from plano where id=?
Hibernate: select af1_0.id,af1_0.altura,af1_0.aluno_id,af1_0.data,af1_0.imc,af1_0.percentual_gordura,af1_0.peso from avaliacoes_fisicas af1_0
Hibernate: select e1_0.id,e1_0.nome from exercicios e1_0
Hibernate: select t1_0.id,t1_0.aluno_id,t1_0.descricao_treino,t1_0.duracao_minutos,t1_0.nivel_dificuldade from treinos t1_0
Hibernate: insert into plano (duracao_meses,nome_plano,valor) values (?,?,?) returning id
Salvando aluno: Joao da Silva
Hibernate: insert into alunos (cpf,email,instrutor_id,matricula,nome,plano_id,senha) values (?,?,?,?,?,?,?) returning id
]]></system-out>
  </testcase>
  <testcase name="testBuscarAlunoPorMatricula" classname="br.com.sysacademia.SistemaAcademiaTest" time="0.144">
    <system-out><![CDATA[Hibernate: select a1_0.id,a1_0.cpf,a1_0.email,a1_0.instrutor_id,a1_0.matricula,a1_0.nome,a1_0.plano_id,a1_0.senha from alunos a1_0
Hibernate: select p1_0.id,p1_0.duracao_meses,p1_0.nome_plano,p1_0.valor from plano p1_0 where p1_0.id=?
Hibernate: select a1_0.aluno_id,a1_0.id,a1_0.altura,a1_0.data,a1_0.imc,a1_0.percentual_gordura,a1_0.peso from avaliacoes_fisicas a1_0 where a1_0.aluno_id=?
Hibernate: select t1_0.aluno_id,t1_0.id,t1_0.descricao_treino,t1_0.duracao_minutos,t1_0.nivel_dificuldade from treinos t1_0 where t1_0.aluno_id=?
Hibernate: select p1_0.id,p1_0.duracao_meses,p1_0.nome_plano,p1_0.valor from plano p1_0
Hibernate: select i1_0.id,i1_0.email,i1_0.especialidade,i1_0.nome,i1_0.senha from instrutores i1_0
Hibernate: delete from alunos where id=?
Hibernate: delete from plano where id=?
Hibernate: select af1_0.id,af1_0.altura,af1_0.aluno_id,af1_0.data,af1_0.imc,af1_0.percentual_gordura,af1_0.peso from avaliacoes_fisicas af1_0
Hibernate: select e1_0.id,e1_0.nome from exercicios e1_0
Hibernate: select t1_0.id,t1_0.aluno_id,t1_0.descricao_treino,t1_0.duracao_minutos,t1_0.nivel_dificuldade from treinos t1_0
Hibernate: insert into plano (duracao_meses,nome_plano,valor) values (?,?,?) returning id
Salvando aluno: Maria Oliveira
Hibernate: insert into alunos (cpf,email,instrutor_id,matricula,nome,plano_id,senha) values (?,?,?,?,?,?,?) returning id
Busca de aluno pela matrícula:M002
Hibernate: select a1_0.id,a1_0.cpf,a1_0.email,a1_0.instrutor_id,a1_0.matricula,a1_0.nome,a1_0.plano_id,a1_0.senha from alunos a1_0 where a1_0.matricula=?
]]></system-out>
  </testcase>
  <testcase name="testCriarEListarInstrutor" classname="br.com.sysacademia.SistemaAcademiaTest" time="0.071">
    <system-out><![CDATA[Hibernate: select a1_0.id,a1_0.cpf,a1_0.email,a1_0.instrutor_id,a1_0.matricula,a1_0.nome,a1_0.plano_id,a1_0.senha from alunos a1_0
Hibernate: select p1_0.id,p1_0.duracao_meses,p1_0.nome_plano,p1_0.valor from plano p1_0 where p1_0.id=?
Hibernate: select a1_0.aluno_id,a1_0.id,a1_0.altura,a1_0.data,a1_0.imc,a1_0.percentual_gordura,a1_0.peso from avaliacoes_fisicas a1_0 where a1_0.aluno_id=?
Hibernate: select t1_0.aluno_id,t1_0.id,t1_0.descricao_treino,t1_0.duracao_minutos,t1_0.nivel_dificuldade from treinos t1_0 where t1_0.aluno_id=?
Hibernate: select p1_0.id,p1_0.duracao_meses,p1_0.nome_plano,p1_0.valor from plano p1_0
Hibernate: select i1_0.id,i1_0.email,i1_0.especialidade,i1_0.nome,i1_0.senha from instrutores i1_0
Hibernate: delete from alunos where id=?
Hibernate: delete from plano where id=?
Hibernate: select af1_0.id,af1_0.altura,af1_0.aluno_id,af1_0.data,af1_0.imc,af1_0.percentual_gordura,af1_0.peso from avaliacoes_fisicas af1_0
Hibernate: select e1_0.id,e1_0.nome from exercicios e1_0
Hibernate: select t1_0.id,t1_0.aluno_id,t1_0.descricao_treino,t1_0.duracao_minutos,t1_0.nivel_dificuldade from treinos t1_0
Hibernate: insert into instrutores (email,especialidade,nome,senha) values (?,?,?,?) returning id
Hibernate: select i1_0.id,i1_0.email,i1_0.especialidade,i1_0.nome,i1_0.senha from instrutores i1_0
]]></system-out>
  </testcase>
  <testcase name="testDeletarPlano" classname="br.com.sysacademia.SistemaAcademiaTest" time="0.055">
    <system-out><![CDATA[Hibernate: select a1_0.id,a1_0.cpf,a1_0.email,a1_0.instrutor_id,a1_0.matricula,a1_0.nome,a1_0.plano_id,a1_0.senha from alunos a1_0
Hibernate: select p1_0.id,p1_0.duracao_meses,p1_0.nome_plano,p1_0.valor from plano p1_0 where p1_0.id=?
Hibernate: select a1_0.aluno_id,a1_0.id,a1_0.altura,a1_0.data,a1_0.imc,a1_0.percentual_gordura,a1_0.peso from avaliacoes_fisicas a1_0 where a1_0.aluno_id=?
Hibernate: select t1_0.aluno_id,t1_0.id,t1_0.descricao_treino,t1_0.duracao_minutos,t1_0.nivel_dificuldade from treinos t1_0 where t1_0.aluno_id=?
Hibernate: select p1_0.id,p1_0.duracao_meses,p1_0.nome_plano,p1_0.valor from plano p1_0
Hibernate: select i1_0.id,i1_0.email,i1_0.especialidade,i1_0.nome,i1_0.senha from instrutores i1_0
Hibernate: delete from alunos where id=?
Hibernate: delete from plano where id=?
Hibernate: select af1_0.id,af1_0.altura,af1_0.aluno_id,af1_0.data,af1_0.imc,af1_0.percentual_gordura,af1_0.peso from avaliacoes_fisicas af1_0
Hibernate: select e1_0.id,e1_0.nome from exercicios e1_0
Hibernate: select t1_0.id,t1_0.aluno_id,t1_0.descricao_treino,t1_0.duracao_minutos,t1_0.nivel_dificuldade from treinos t1_0
Hibernate: insert into plano (duracao_meses,nome_plano,valor) values (?,?,?) returning id
]]></system-out>
  </testcase>
  <testcase name="testListarTodosAlunos" classname="br.com.sysacademia.SistemaAcademiaTest" time="0.054">
    <system-out><![CDATA[Hibernate: select a1_0.id,a1_0.cpf,a1_0.email,a1_0.instrutor_id,a1_0.matricula,a1_0.nome,a1_0.plano_id,a1_0.senha from alunos a1_0
Hibernate: select p1_0.id,p1_0.duracao_meses,p1_0.nome_plano,p1_0.valor from plano p1_0 where p1_0.id=?
Hibernate: select a1_0.aluno_id,a1_0.id,a1_0.altura,a1_0.data,a1_0.imc,a1_0.percentual_gordura,a1_0.peso from avaliacoes_fisicas a1_0 where a1_0.aluno_id=?
Hibernate: select t1_0.aluno_id,t1_0.id,t1_0.descricao_treino,t1_0.duracao_minutos,t1_0.nivel_dificuldade from treinos t1_0 where t1_0.aluno_id=?
Hibernate: select p1_0.id,p1_0.duracao_meses,p1_0.nome_plano,p1_0.valor from plano p1_0
Hibernate: select i1_0.id,i1_0.email,i1_0.especialidade,i1_0.nome,i1_0.senha from instrutores i1_0
Hibernate: delete from alunos where id=?
Hibernate: delete from plano where id=?
Hibernate: select af1_0.id,af1_0.altura,af1_0.aluno_id,af1_0.data,af1_0.imc,af1_0.percentual_gordura,af1_0.peso from avaliacoes_fisicas af1_0
Hibernate: select e1_0.id,e1_0.nome from exercicios e1_0
Hibernate: select t1_0.id,t1_0.aluno_id,t1_0.descricao_treino,t1_0.duracao_minutos,t1_0.nivel_dificuldade from treinos t1_0
Hibernate: insert into plano (duracao_meses,nome_plano,valor) values (?,?,?) returning id
Salvando aluno: Carlos Pereira
Hibernate: insert into alunos (cpf,email,instrutor_id,matricula,nome,plano_id,senha) values (?,?,?,?,?,?,?) returning id
Salvando aluno: Ana Souza
Hibernate: insert into alunos (cpf,email,instrutor_id,matricula,nome,plano_id,senha) values (?,?,?,?,?,?,?) returning id
Lista de todos os alunos:
Hibernate: select a1_0.id,a1_0.cpf,a1_0.email,a1_0.instrutor_id,a1_0.matricula,a1_0.nome,a1_0.plano_id,a1_0.senha from alunos a1_0
]]></system-out>
  </testcase>
</testsuite>