<?xml version="1.0" encoding="UTF-8"?>
<testsuite xmlns:xsi="http://www.w3.org/2001/XMLSchema-instance" xsi:noNamespaceSchemaLocation="https://maven.apache.org/surefire/maven-surefire-plugin/xsd/surefire-test-report-3.0.xsd" version="3.0" name="br.com.sysacademia.SistemaAcademiaTest" time="12.556" tests="7" errors="0" skipped="0" failures="0">
  <properties>
[...]
</properties>
  <testcase name="testCriarEListarAvaliacaoFisica" classname="br.com.sysacademia.SistemaAcademiaTest" time="0.902">
    <system-out><![CDATA[21:24:40.877 [main] INFO org.springframework.test.context.support.AnnotationConfigContextLoaderUtils -- Could not detect default configuration classes for test class [br.com.sysacademia.SistemaAcademiaTest]: SistemaAcademiaTest does not declare any static, non-private, non-final, nested classes annotated with @Configuration.
21:24:41.024 [main] INFO org.springframework.boot.test.context.SpringBootTestContextBootstrapper -- Found @SpringBootConfiguration br.com.sysacademia.AcademiaApplication for test class br.com.sysacademia.SistemaAcademiaTest
  .   ____          _            __ _ _
 /\\ / ___'_ __ _ _(_)_ __  __ _ \ \ \ \
( ( )\___ | '_ | '_| | '_ \/ _` | \ \ \ \
 \\/  ___)| |_)| | | | | || (_| |  ) ) ) )
  '  |____| .__|_| |_|_| |_\__, | / / / /
 =========|_|==============|___/=/_/_/_/

 :: Spring Boot ::                (v3.3.0)

2025-08-27T21:24:41.530-03:00  INFO 46950 --- [           main] br.com.sysacademia.SistemaAcademiaTest   : Starting SistemaAcademiaTest using Java 17.0.16 with PID 46950 (started by vjr14 in /home/vjr14/POO Projeto Final - 2025.01/SistemaAcademia-1)
2025-08-27T21:24:41.532-03:00  INFO 46950 --- [           main] br.com.sysacademia.SistemaAcademiaTest   : No active profile set, falling back to 1 default profile: "default"
2025-08-27T21:24:42.810-03:00  INFO 46950 --- [           main] .s.d.r.c.RepositoryConfigurationDelegate : Bootstrapping Spring Data JPA repositories in DEFAULT mode.
2025-08-27T21:24:42.947-03:00  INFO 46950 --- [           main] .s.d.r.c.RepositoryConfigurationDelegate : Finished Spring Data repository scanning in 122 ms. Found 7 JPA repository interfaces.
2025-08-27T21:24:44.069-03:00  INFO 46950 --- [           main] o.hibernate.jpa.internal.util.LogHelper  : HHH000204: Processing PersistenceUnitInfo [name: default]
2025-08-27T21:24:44.216-03:00  INFO 46950 --- [           main] org.hibernate.Version                    : HHH000412: Hibernate ORM core version 6.5.2.Final
2025-08-27T21:24:44.313-03:00  INFO 46950 --- [           main] o.h.c.internal.RegionFactoryInitiator    : HHH000026: Second-level cache disabled
2025-08-27T21:24:44.802-03:00  INFO 46950 --- [           main] o.s.o.j.p.SpringPersistenceUnitInfo      : No LoadTimeWeaver setup: ignoring JPA class transformer
2025-08-27T21:24:44.874-03:00  INFO 46950 --- [           main] com.zaxxer.hikari.HikariDataSource       : HikariPool-1 - Starting...
2025-08-27T21:24:45.471-03:00  INFO 46950 --- [           main] com.zaxxer.hikari.pool.HikariPool        : HikariPool-1 - Added connection org.postgresql.jdbc.PgConnection@a1e912f
2025-08-27T21:24:45.476-03:00  INFO 46950 --- [           main] com.zaxxer.hikari.HikariDataSource       : HikariPool-1 - Start completed.
2025-08-27T21:24:45.555-03:00  WARN 46950 --- [           main] org.hibernate.orm.deprecation            : HHH90000025: PostgreSQLDialect does not need to be specified explicitly using 'hibernate.dialect' (remove the property setting and it will be selected by default)
2025-08-27T21:24:47.211-03:00  INFO 46950 --- [           main] o.h.e.t.j.p.i.JtaPlatformInitiator       : HHH000489: No JTA platform available (set 'hibernate.transaction.jta.platform' to enable JTA platform integration)
2025-08-27T21:24:47.786-03:00  INFO 46950 --- [           main] j.LocalContainerEntityManagerFactoryBean : Initialized JPA EntityManagerFactory for persistence unit 'default'
2025-08-27T21:24:49.555-03:00  WARN 46950 --- [           main] JpaBaseConfiguration$JpaWebConfiguration : spring.jpa.open-in-view is enabled by default. Therefore, database queries may be performed during view rendering. Explicitly configure spring.jpa.open-in-view to disable this warning
2025-08-27T21:24:49.675-03:00  INFO 46950 --- [           main] r$InitializeUserDetailsManagerConfigurer : Global AuthenticationManager configured with UserDetailsService bean with name customUserDetailsService
2025-08-27T21:24:50.239-03:00  INFO 46950 --- [           main] o.s.s.web.DefaultSecurityFilterChain     : Will secure any request with [org.springframework.security.web.session.DisableEncodeUrlFilter@65cf8da0, org.springframework.security.web.context.request.async.WebAsyncManagerIntegrationFilter@823f978, org.springframework.security.web.context.SecurityContextHolderFilter@6f5f892c, org.springframework.security.web.header.HeaderWriterFilter@f3c27e9, org.springframework.web.filter.CorsFilter@6195ce27, org.springframework.security.web.csrf.CsrfFilter@4a561f7d, org.springframework.security.web.authentication.logout.LogoutFilter@2df7766b, org.springframework.security.web.authentication.UsernamePasswordAuthenticationFilter@48543f11, org.springframework.security.web.savedrequest.RequestCacheAwareFilter@3a75d9a1, org.springframework.security.web.servletapi.SecurityContextHolderAwareRequestFilter@7a085d02, org.springframework.security.web.authentication.AnonymousAuthenticationFilter@397b5b2d, org.springframework.security.web.access.ExceptionTranslationFilter@3df7e309, org.springframework.security.web.access.intercept.AuthorizationFilter@7d31fb6c]
2025-08-27T21:24:50.680-03:00  INFO 46950 --- [           main] br.com.sysacademia.SistemaAcademiaTest   : Started SistemaAcademiaTest in 9.467 seconds (process running for 14.31)
Hibernate: select e1_0.id,e1_0.nome from exercicios e1_0
Exercícios já cadastrados. Carga inicial ignorada.
Verificando e cadastrando planos de matrícula...
Hibernate: select count(*) from plano p1_0
Planos de matrícula já existem. Carga inicial ignorada.
Salvando aluno: Pedro
Hibernate: insert into alunos (cpf,email,instrutor_id,matricula,nome,plano_id,senha) values (?,?,?,?,?,?,?) returning id
Hibernate: insert into avaliacoes_fisicas (altura,aluno_id,data,imc,percentual_gordura,peso) values (?,?,?,?,?,?) returning id
]]></system-out>
  </testcase>
  <testcase name="testSalvarEPesquisarPlano" classname="br.com.sysacademia.SistemaAcademiaTest" time="0.035">
    <system-out><![CDATA[Hibernate: insert into plano (duracao_meses,nome_plano,valor) values (?,?,?) returning id
]]></system-out>
  </testcase>
  <testcase name="testCriacaoESalvarAluno" classname="br.com.sysacademia.SistemaAcademiaTest" time="0.111">
    <system-out><![CDATA[Hibernate: insert into plano (duracao_meses,nome_plano,valor) values (?,?,?) returning id
Salvando aluno: Joao da Silva
Hibernate: insert into alunos (cpf,email,instrutor_id,matricula,nome,plano_id,senha) values (?,?,?,?,?,?,?) returning id
]]></system-out>
  </testcase>
  <testcase name="testBuscarAlunoPorMatricula" classname="br.com.sysacademia.SistemaAcademiaTest" time="0.244">
    <system-out><![CDATA[Hibernate: insert into plano (duracao_meses,nome_plano,valor) values (?,?,?) returning id
Salvando aluno: Maria Oliveira
Hibernate: insert into alunos (cpf,email,instrutor_id,matricula,nome,plano_id,senha) values (?,?,?,?,?,?,?) returning id
Busca de aluno pela matrícula:M002
Hibernate: select a1_0.id,a1_0.cpf,a1_0.email,a1_0.instrutor_id,a1_0.matricula,a1_0.nome,a1_0.plano_id,a1_0.senha from alunos a1_0 where a1_0.matricula=?
]]></system-out>
  </testcase>
  <testcase name="testCriarEListarInstrutor" classname="br.com.sysacademia.SistemaAcademiaTest" time="0.22">
    <system-out><![CDATA[Hibernate: insert into instrutores (email,especialidade,nome,senha) values (?,?,?,?) returning id
Hibernate: select i1_0.id,i1_0.email,i1_0.especialidade,i1_0.nome,i1_0.senha from instrutores i1_0
]]></system-out>
  </testcase>
  <testcase name="testDeletarPlano" classname="br.com.sysacademia.SistemaAcademiaTest" time="0.037">
    <system-out><![CDATA[Hibernate: insert into plano (duracao_meses,nome_plano,valor) values (?,?,?) returning id
]]></system-out>
  </testcase>
  <testcase name="testListarTodosAlunos" classname="br.com.sysacademia.SistemaAcademiaTest" time="0.253">
    <system-out><![CDATA[Hibernate: insert into plano (duracao_meses,nome_plano,valor) values (?,?,?) returning id
Salvando aluno: Carlos Pereira
Hibernate: insert into alunos (cpf,email,instrutor_id,matricula,nome,plano_id,senha) values (?,?,?,?,?,?,?) returning id
Salvando aluno: Ana Souza
Hibernate: insert into alunos (cpf,email,instrutor_id,matricula,nome,plano_id,senha) values (?,?,?,?,?,?,?) returning id
Lista de todos os alunos:
Hibernate: select a1_0.id,a1_0.cpf,a1_0.email,a1_0.instrutor_id,a1_0.matricula,a1_0.nome,a1_0.plano_id,a1_0.senha from alunos a1_0
]]></system-out>
  </testcase>
</testsuite>